<?xml version="1.0" encoding="UTF-8"?>
<!-- Generated by org.testng.reporters.JUnitReportReporter -->
<testsuite skipped="0" hostname="Amy-PC" name="qa.tests.TestClass_003_InvalidLogin" tests="1" failures="0" timestamp="2023-03-15T03:26:04 IST" time="10.436" errors="0">
  <testcase name="loginFail" time="10.436" classname="qa.tests.TestClass_003_InvalidLogin"/>
  <system-out/>
</testsuite> <!-- qa.tests.TestClass_003_InvalidLogin -->
