<?xml version="1.0" encoding="UTF-8"?>
<!-- Generated by org.testng.reporters.JUnitReportReporter -->
<testsuite skipped="0" hostname="Amy-PC" name="qa.tests.TestCase_001_HomePageLoadedSuccess" tests="1" failures="0" timestamp="2023-03-15T03:26:04 IST" time="12.463" errors="0">
  <testcase name="homePageLoadedSuccessfully" time="12.463" classname="qa.tests.TestCase_001_HomePageLoadedSuccess"/>
  <system-out/>
</testsuite> <!-- qa.tests.TestCase_001_HomePageLoadedSuccess -->
