<?xml version="1.0" encoding="UTF-8"?>
<!-- Generated by org.testng.reporters.JUnitReportReporter -->
<testsuite hostname="Amy-PC" failures="0" tests="1" name="qa.tests.TestClass_003" time="0.483" errors="0" timestamp="2023-03-14T12:36:43 IST" skipped="0">
  <testcase classname="qa.tests.TestClass_003" name="loginFail" time="0.483"/>
  <system-out/>
</testsuite> <!-- qa.tests.TestClass_003 -->
