<?xml version="1.0" encoding="UTF-8"?>
<!-- Generated by org.testng.reporters.JUnitReportReporter -->
<testsuite hostname="Amy-PC" failures="0" tests="1" name="qa.tests.TestCase_001" time="0.096" errors="0" timestamp="2023-03-14T12:36:43 IST" skipped="0">
  <testcase classname="qa.tests.TestCase_001" name="homePageLoadedSuccessfully" time="0.096"/>
  <system-out/>
</testsuite> <!-- qa.tests.TestCase_001 -->
