<?xml version="1.0" encoding="UTF-8"?>
<!-- Generated by org.testng.reporters.JUnitReportReporter -->
<testsuite skipped="0" hostname="Amy-PC" name="qa.tests.TestClass_002_LoginSuccess" tests="1" failures="0" timestamp="2023-03-15T03:26:04 IST" time="10.670" errors="0">
  <testcase name="loginSuccess" time="10.670" classname="qa.tests.TestClass_002_LoginSuccess"/>
  <system-out/>
</testsuite> <!-- qa.tests.TestClass_002_LoginSuccess -->
