<?xml version="1.0" encoding="UTF-8"?>
<!-- Generated by org.testng.reporters.JUnitReportReporter -->
<testsuite hostname="Amy-PC" failures="0" tests="1" name="utils.ReadDataFromExcel" time="1.303" errors="0" timestamp="2023-03-18T21:30:59 IST" skipped="0">
  <testcase classname="utils.ReadDataFromExcel" name="readExcel" time="1.303"/>
  <system-out/>
</testsuite> <!-- utils.ReadDataFromExcel -->
