<?xml version="1.0" encoding="UTF-8"?>
<!-- Generated by org.testng.reporters.JUnitReportReporter -->
<testsuite hostname="Amy-PC" failures="0" tests="1" name="utils.WriteDataIntoExcel" time="1.180" errors="0" timestamp="2023-03-20T02:05:45 IST" skipped="0">
  <testcase classname="utils.WriteDataIntoExcel" name="writeData" time="1.180"/>
  <system-out/>
</testsuite> <!-- utils.WriteDataIntoExcel -->
