<?xml version="1.0" encoding="UTF-8"?>
<!-- Generated by org.testng.reporters.JUnitReportReporter -->
<testsuite hostname="Amy-PC" failures="0" tests="1" name="qa.tests.TestClass_002_LoginSuccess" time="13.089" errors="0" timestamp="2023-03-15T00:46:31 IST" skipped="0">
  <testcase classname="qa.tests.TestClass_002_LoginSuccess" name="loginSuccess" time="13.089"/>
  <system-out/>
</testsuite> <!-- qa.tests.TestClass_002_LoginSuccess -->
