<?xml version="1.0" encoding="UTF-8"?>
<!-- Generated by org.testng.reporters.JUnitReportReporter -->
<testsuite hostname="Amy-PC" failures="0" tests="1" name="qa.tests.TestClass_002" time="0.620" errors="0" timestamp="2023-03-14T12:38:22 IST" skipped="0">
  <testcase classname="qa.tests.TestClass_002" name="loginSuccess" time="0.620"/>
  <system-out/>
</testsuite> <!-- qa.tests.TestClass_002 -->
