<?xml version="1.0" encoding="UTF-8"?>
<!-- Generated by org.testng.reporters.JUnitReportReporter -->
<testsuite hostname="Amy-PC" failures="0" tests="1" name="qa.tests.TestCase_001_HomePageLoadedSuccess" time="35.492" errors="0" timestamp="2023-03-15T00:32:08 IST" skipped="0">
  <testcase classname="qa.tests.TestCase_001_HomePageLoadedSuccess" name="homePageLoadedSuccessfully" time="35.492"/>
  <system-out/>
</testsuite> <!-- qa.tests.TestCase_001_HomePageLoadedSuccess -->
