<?xml version="1.0" encoding="UTF-8"?>
<!-- Generated by org.testng.reporters.JUnitReportReporter -->
<testsuite hostname="Amy-PC" failures="0" tests="1" name="qa.tests.TestClass_003_InvalidLogin" time="15.153" errors="0" timestamp="2023-03-19T22:18:38 IST" skipped="0">
  <testcase classname="qa.tests.TestClass_003_InvalidLogin" name="loginFail" time="15.153"/>
  <system-out/>
</testsuite> <!-- qa.tests.TestClass_003_InvalidLogin -->
